<?xml version="1.0" encoding="UTF-8"?>
<!-- Generated by org.testng.reporters.JUnitReportReporter -->
<testsuite hostname="LAPTOP-RTCFK094" name="pominselenium.DemoLoginVerify" tests="1" failures="0" timestamp="12 Apr 2022 09:53:24 GMT" time="10.873" errors="0">
  <testcase name="TestUser" time="10.873" classname="pominselenium.DemoLoginVerify"/>
</testsuite> <!-- pominselenium.DemoLoginVerify -->
