<?xml version="1.0" encoding="UTF-8"?>
<!-- Generated by org.testng.reporters.JUnitReportReporter -->
<testsuite hostname="LAPTOP-RTCFK094" name="pominselenium.Loginverify" tests="1" failures="0" timestamp="12 Apr 2022 08:37:25 GMT" time="15.615" errors="0">
  <testcase name="TestUser" time="15.615" classname="pominselenium.Loginverify"/>
</testsuite> <!-- pominselenium.Loginverify -->
